[02May2025 00:00:45.626] [Server thread/WARN] [net.minecraft.server.network.ServerGamePacketListenerImpl/]: Eduardo25445 was kicked for floating too long!
[02May2025 00:00:45.674] [Server thread/INFO] [net.minecraft.server.network.ServerGamePacketListenerImpl/]: Eduardo25445 lost connection: Flying is not enabled on this server
[02May2025 00:00:45.675] [Server thread/INFO] [net.minecraft.server.MinecraftServer/]: Eduardo25445 left the game
[02May2025 00:00:50.566] [User Authenticator #9/INFO] [net.minecraft.server.network.ServerLoginPacketListenerImpl/]: UUID of player Eduardo25445 is 515114a7-eaa0-4092-b56a-d992eb168e7d
[02May2025 00:00:52.127] [Server thread/INFO] [net.minecraftforge.common.AdvancementLoadFix/]: Using new advancement loading for net.minecraft.server.PlayerAdvancements@6c79e3d5
[02May2025 00:00:52.133] [Server thread/INFO] [net.minecraft.server.players.PlayerList/]: Eduardo25445[/127.219.144.116:39275] logged in with entity id 5127 at (11.958935338642867, -136.12514879755057, 1.699999988079071)
[02May2025 00:00:52.144] [Server thread/INFO] [net.minecraft.server.MinecraftServer/]: Eduardo25445 joined the game
[02May2025 00:00:53.173] [Server thread/INFO] [net.minecraft.server.MinecraftServer/]: Eduardo25445 fell out of the world
[02May2025 00:00:54.525] [Server thread/WARN] [net.minecraft.server.network.ServerGamePacketListenerImpl/]: Eduardo25445 moved too quickly! 0.0,-13.77275863634992,0.0
[02May2025 00:00:58.276] [Server thread/WARN] [net.minecraft.server.network.ServerGamePacketListenerImpl/]: Eduardo25445 was kicked for floating too long!
[02May2025 00:00:58.325] [Server thread/INFO] [net.minecraft.server.network.ServerGamePacketListenerImpl/]: Eduardo25445 lost connection: Flying is not enabled on this server
[02May2025 00:00:58.325] [Server thread/INFO] [net.minecraft.server.MinecraftServer/]: Eduardo25445 left the game
[02May2025 00:01:08.387] [User Authenticator #10/INFO] [net.minecraft.server.network.ServerLoginPacketListenerImpl/]: UUID of player Eduardo25445 is 515114a7-eaa0-4092-b56a-d992eb168e7d
[02May2025 00:01:09.981] [Server thread/INFO] [net.minecraftforge.common.AdvancementLoadFix/]: Using new advancement loading for net.minecraft.server.PlayerAdvancements@10894f35
[02May2025 00:01:09.986] [Server thread/INFO] [net.minecraft.server.players.PlayerList/]: Eduardo25445[/127.219.144.116:48429] logged in with entity id 5206 at (11.958935338642867, -162.19302661186276, 1.699999988079071)
[02May2025 00:01:10.007] [Server thread/INFO] [net.minecraft.server.MinecraftServer/]: Eduardo25445 joined the game
[02May2025 00:01:14.574] [Server thread/WARN] [net.minecraft.server.network.ServerGamePacketListenerImpl/]: Eduardo25445 was kicked for floating too long!
[02May2025 00:01:14.623] [Server thread/INFO] [net.minecraft.server.network.ServerGamePacketListenerImpl/]: Eduardo25445 lost connection: Flying is not enabled on this server
[02May2025 00:01:14.623] [Server thread/INFO] [net.minecraft.server.MinecraftServer/]: Eduardo25445 left the game
[02May2025 00:01:17.869] [User Authenticator #11/INFO] [net.minecraft.server.network.ServerLoginPacketListenerImpl/]: UUID of player Eduardo25445 is 515114a7-eaa0-4092-b56a-d992eb168e7d
[02May2025 00:01:19.526] [Server thread/INFO] [net.minecraftforge.common.AdvancementLoadFix/]: Using new advancement loading for net.minecraft.server.PlayerAdvancements@41ac2117
[02May2025 00:01:19.530] [Server thread/INFO] [net.minecraft.server.players.PlayerList/]: Eduardo25445[/127.219.144.116:39817] logged in with entity id 5239 at (11.958935338642867, -174.19462243325555, 1.699999988079071)
[02May2025 00:01:19.537] [Server thread/INFO] [net.minecraft.server.MinecraftServer/]: Eduardo25445 joined the game
[02May2025 00:01:22.751] [Server thread/INFO] [net.minecraft.server.MinecraftServer/]: Eduardo25445 lost a life. Has 2 lives remaining.
[02May2025 00:03:23.471] [Server thread/INFO] [net.minecraft.server.MinecraftServer/]: _Arkuzz_ was slain by Spider
[02May2025 00:03:24.895] [Server thread/INFO] [net.minecraft.server.MinecraftServer/]: _Arkuzz_ lost a life. Has 2 lives remaining.
[02May2025 00:04:03.476] [Server thread/INFO] [net.minecraft.server.MinecraftServer/]: <Thugatoloko> y la puerta?
[02May2025 00:04:17.414] [Server thread/INFO] [net.minecraft.server.MinecraftServer/]: <_Arkuzz_> una cabra aparecio y la rompio
[02May2025 00:05:08.281] [Server thread/INFO] [net.minecraft.server.MinecraftServer/]: <Thugatoloko> tiene q ser de 3 porque se pasaron las arañas
[02May2025 00:05:54.121] [Server thread/INFO] [net.minecraft.server.MinecraftServer/]: Thugatoloko was slain by entity.hidden_shadow.hidden_shadow
[02May2025 00:05:56.438] [Server thread/INFO] [net.minecraft.server.MinecraftServer/]: <Eduardo25445> xd
[02May2025 00:05:58.665] [Server thread/INFO] [net.minecraft.server.MinecraftServer/]: Thugatoloko lost a life. Has 4 lives remaining.
[02May2025 00:06:02.728] [Server thread/INFO] [net.minecraft.server.MinecraftServer/]: <Thugatoloko> :,v
[02May2025 00:07:05.512] [Server thread/INFO] [net.minecraft.server.MinecraftServer/]: <Eduardo25445> repara ese hueco chamo
[02May2025 00:08:48.977] [Server thread/INFO] [net.minecraft.server.MinecraftServer/]: Thugatoloko has made the advancement [Monster Hunter]
[02May2025 00:08:57.572] [Server thread/INFO] [net.minecraft.server.MinecraftServer/]: Eduardo25445 was slain by Cartoon Dweller
[02May2025 00:08:58.622] [Server thread/INFO] [net.minecraft.server.MinecraftServer/]: Thugatoloko was slain by Cartoon Dweller
[02May2025 00:08:59.191] [Server thread/INFO] [net.minecraft.server.MinecraftServer/]: Eduardo25445 lost a life. Has 1 lives remaining.
[02May2025 00:09:00.988] [Server thread/INFO] [net.minecraft.server.MinecraftServer/]: Thugatoloko lost a life. Has 3 lives remaining.
[02May2025 00:09:43.228] [Server thread/INFO] [net.minecraft.server.MinecraftServer/]: <Eduardo25445> alex has el cuarto del panico
[02May2025 00:10:30.479] [Server thread/INFO] [net.minecraft.server.MinecraftServer/]: <Eduardo25445> se mato el conejo
[02May2025 00:12:55.991] [Server thread/INFO] [net.minecraft.server.MinecraftServer/]: <_Arkuzz_> creo que esas eran las unicas semillas que nos iban a dar xd
[02May2025 00:13:01.182] [Server thread/INFO] [net.minecraft.server.MinecraftServer/]: <Thugatoloko> :,v
[02May2025 00:13:06.942] [Server thread/INFO] [net.minecraft.server.MinecraftServer/]: <Thugatoloko> fabri tala
[02May2025 00:13:09.377] [Server thread/INFO] [net.minecraft.server.MinecraftServer/]: <Eduardo25445> :v
[02May2025 00:13:12.639] [Server thread/INFO] [net.minecraft.server.MinecraftServer/]: <Thugatoloko> ya no hay madera
[02May2025 00:15:51.426] [Server thread/INFO] [net.minecraft.server.MinecraftServer/]: <Eduardo25445> aqui hay semilla
[02May2025 00:16:11.963] [Server thread/INFO] [net.minecraft.server.MinecraftServer/]: <_Arkuzz_> es de calabaza
[02May2025 00:16:13.115] [Server thread/INFO] [net.minecraft.server.MinecraftServer/]: <_Arkuzz_> :v
[02May2025 00:16:21.216] [Server thread/INFO] [net.minecraft.server.MinecraftServer/]: <Eduardo25445> semilla es semilla
[02May2025 00:18:38.278] [Server thread/INFO] [net.minecraft.server.MinecraftServer/]: <Eduardo25445> sopa de conejo
[02May2025 00:21:51.484] [Server thread/INFO] [net.minecraft.server.MinecraftServer/]: <_Arkuzz_> aun no hay semilla
[02May2025 00:21:52.627] [Server thread/INFO] [net.minecraft.server.MinecraftServer/]: <Thugatoloko> el mapa dice
[02May2025 00:21:58.462] [Server thread/INFO] [net.minecraft.server.MinecraftServer/]: <Thugatoloko> que dios te guie
[02May2025 00:22:03.826] [Server thread/INFO] [net.minecraft.server.MinecraftServer/]: <_Arkuzz_> xd
[02May2025 00:23:19.927] [Server thread/INFO] [net.minecraft.server.MinecraftServer/]: _Arkuzz_ has made the advancement [Acquire Hardware]
[02May2025 00:23:23.822] [Server thread/INFO] [net.minecraft.server.MinecraftServer/]: _Arkuzz_ was slain by Goat Man
[02May2025 00:23:25.176] [Server thread/INFO] [net.minecraft.server.MinecraftServer/]: _Arkuzz_ lost a life. Has 1 lives remaining.
[02May2025 00:23:25.184] [Server thread/INFO] [net.minecraft.server.MinecraftServer/]: Thugatoloko has made the advancement [Getting an Upgrade]
[02May2025 00:23:25.193] [Server thread/INFO] [net.minecraft.server.MinecraftServer/]: Eduardo25445 has made the advancement [Getting an Upgrade]
[02May2025 00:23:36.639] [Server thread/INFO] [net.minecraft.server.MinecraftServer/]: <Eduardo25445> tengo 6 corazones :V
[02May2025 00:24:10.648] [Server thread/INFO] [net.minecraft.server.MinecraftServer/]: <Thugatoloko> c murio
[02May2025 00:24:18.615] [Server thread/INFO] [net.minecraft.server.MinecraftServer/]: _Arkuzz_ has made the advancement [Isn't It Iron Pick]
[02May2025 00:24:22.575] [Server thread/INFO] [net.minecraft.server.MinecraftServer/]: Eduardo25445 has made the advancement [Acquire Hardware]
[02May2025 00:25:20.475] [Server thread/INFO] [net.minecraft.server.MinecraftServer/]: Thugatoloko has reached the goal [Feelingwatched]
[02May2025 00:25:39.821] [Server thread/INFO] [net.minecraft.server.MinecraftServer/]: Thugatoloko was shot by Stray
[02May2025 00:25:41.274] [Server thread/INFO] [net.minecraft.server.MinecraftServer/]: Thugatoloko lost a life. Has 2 lives remaining.
[02May2025 00:25:45.672] [Server thread/INFO] [net.minecraft.server.MinecraftServer/]: _Arkuzz_ was shot by Stray
[02May2025 00:25:47.037] [Server thread/INFO] [net.minecraft.server.MinecraftServer/]: _Arkuzz_ lost a life. Has no lives remaining. F in chat.
[02May2025 00:25:54.822] [Server thread/INFO] [net.minecraft.server.MinecraftServer/]: Thugatoloko has made the advancement [Isn't It Iron Pick]
[02May2025 00:26:00.925] [Server thread/INFO] [net.minecraft.server.MinecraftServer/]: <_Arkuzz_> ya no puedo reaparecer .-.
[02May2025 00:26:06.526] [Server thread/INFO] [net.minecraft.server.MinecraftServer/]: <Thugatoloko> :V
[02May2025 00:26:10.151] [Server thread/INFO] [net.minecraft.server.MinecraftServer/]: <Eduardo25445> xd
[02May2025 00:26:11.333] [Server thread/INFO] [net.minecraft.server.MinecraftServer/]: <Thugatoloko> si estas ahi
[02May2025 00:26:22.411] [Server thread/INFO] [net.minecraft.server.MinecraftServer/]: <_Arkuzz_> porque puse /gamemode survival :v
[02May2025 00:26:30.927] [Server thread/INFO] [net.minecraft.server.MinecraftServer/]: <Eduardo25445> hay un coso
[02May2025 00:26:40.803] [Server thread/INFO] [net.minecraft.server.MinecraftServer/]: <Eduardo25445> en el cuarto del panico
[02May2025 00:27:03.399] [Server thread/INFO] [net.minecraft.server.MinecraftServer/]: <Thugatoloko> xd
[02May2025 00:27:06.703] [Server thread/INFO] [net.minecraft.server.MinecraftServer/]: <Eduardo25445> c mamut
[02May2025 00:27:10.696] [Server thread/INFO] [net.minecraft.server.MinecraftServer/]: <_Arkuzz_> oe porque solo tengo 5 corazones :v
[02May2025 00:27:19.264] [Server thread/INFO] [net.minecraft.server.MinecraftServer/]: <Eduardo25445> yo tengo 6 :V
[02May2025 00:27:27.765] [Server thread/INFO] [net.minecraft.server.MinecraftServer/]: <Thugatoloko> 6 q
[02May2025 00:27:36.792] [Server thread/INFO] [net.minecraft.server.MinecraftServer/]: <Eduardo25445> corazones
[02May2025 00:27:43.386] [Server thread/INFO] [net.minecraft.server.MinecraftServer/]: <Thugatoloko> yo 7
[02May2025 00:28:07.620] [Server thread/INFO] [com.lgow.endofherobrine.entity.herobrine.AbstractHerobrine/]: LURKER spawned at BlockPos{x=24, y=60, z=2}
[02May2025 00:28:20.052] [Server thread/INFO] [net.minecraft.server.MinecraftServer/]: Eduardo25445 has made the advancement [Monster Hunter]
[02May2025 00:28:45.250] [Server thread/INFO] [net.minecraft.server.MinecraftServer/]: <Eduardo25445> erick
[02May2025 00:28:46.279] [Server thread/INFO] [net.minecraft.server.MinecraftServer/]: Thugatoloko has made the advancement [Acquire Hardware]
[02May2025 00:28:46.933] [Server thread/INFO] [net.minecraft.server.MinecraftServer/]: <Eduardo25445> go left
[02May2025 00:28:50.977] [Server thread/INFO] [net.minecraft.server.MinecraftServer/]: <_Arkuzz_> :v
[02May2025 00:29:03.351] [Server thread/INFO] [net.minecraft.server.MinecraftServer/]: <Eduardo25445> el hero brine
[02May2025 00:29:15.427] [Server thread/INFO] [net.minecraft.server.MinecraftServer/]: <Eduardo25445> c fue
[02May2025 00:29:33.721] [Server thread/INFO] [net.minecraft.server.MinecraftServer/]: _Arkuzz_ was slain by Cartoon Dweller
[02May2025 00:29:36.395] [Server thread/INFO] [net.minecraft.server.MinecraftServer/]: _Arkuzz_ lost a life. Has no lives remaining. F in chat.
[02May2025 00:29:37.278] [Server thread/INFO] [net.minecraft.server.MinecraftServer/]: <Eduardo25445> xd
[02May2025 00:29:48.902] [Server thread/INFO] [net.minecraft.server.MinecraftServer/]: <_Arkuzz_> 4 corazones
[02May2025 00:30:13.226] [Server thread/INFO] [net.minecraft.server.MinecraftServer/]: <Eduardo25445> entren ds :v
[02May2025 00:30:19.478] [Server thread/INFO] [net.minecraft.server.MinecraftServer/]: <Eduardo25445> wa guardar
[02May2025 00:30:23.921] [Server thread/INFO] [net.minecraft.server.network.ServerGamePacketListenerImpl/]: Thugatoloko lost connection: Disconnected
[02May2025 00:30:23.921] [Server thread/INFO] [net.minecraft.server.MinecraftServer/]: Thugatoloko left the game
[02May2025 00:30:33.272] [Server thread/INFO] [net.minecraft.server.network.ServerGamePacketListenerImpl/]: Eduardo25445 lost connection: Disconnected
[02May2025 00:30:33.273] [Server thread/INFO] [net.minecraft.server.MinecraftServer/]: Eduardo25445 left the game
[02May2025 00:30:34.672] [Server thread/INFO] [net.minecraft.server.network.ServerGamePacketListenerImpl/]: _Arkuzz_ lost connection: Disconnected
[02May2025 00:30:34.672] [Server thread/INFO] [net.minecraft.server.MinecraftServer/]: _Arkuzz_ left the game
[02May2025 00:30:44.469] [Server thread/INFO] [net.minecraft.server.MinecraftServer/]: Stopping server
[02May2025 00:30:44.469] [Server thread/INFO] [net.minecraft.server.MinecraftServer/]: Saving players
[02May2025 00:30:44.470] [Server thread/INFO] [net.minecraft.server.MinecraftServer/]: Saving worlds
[02May2025 00:30:44.577] [Server thread/INFO] [net.minecraft.server.MinecraftServer/]: Saving chunks for level 'ServerLevel[OneBlock Reborn]'/minecraft:overworld
[02May2025 00:30:44.625] [Server thread/INFO] [net.minecraft.server.MinecraftServer/]: Saving chunks for level 'ServerLevel[OneBlock Reborn]'/minecraft:the_nether
[02May2025 00:30:44.626] [Server thread/INFO] [net.minecraft.server.MinecraftServer/]: Saving chunks for level 'ServerLevel[OneBlock Reborn]'/minecraft:the_end
[02May2025 00:30:44.627] [Server thread/INFO] [net.minecraft.server.MinecraftServer/]: Saving chunks for level 'ServerLevel[OneBlock Reborn]'/man:halucination
[02May2025 00:30:44.650] [Server thread/INFO] [net.minecraft.server.MinecraftServer/]: ThreadedAnvilChunkStorage (world): All chunks are saved
[02May2025 00:30:44.650] [Server thread/INFO] [net.minecraft.server.MinecraftServer/]: ThreadedAnvilChunkStorage (DIM-1): All chunks are saved
[02May2025 00:30:44.650] [Server thread/INFO] [net.minecraft.server.MinecraftServer/]: ThreadedAnvilChunkStorage (DIM1): All chunks are saved
[02May2025 00:30:44.651] [Server thread/INFO] [net.minecraft.server.MinecraftServer/]: ThreadedAnvilChunkStorage (halucination): All chunks are saved
[02May2025 00:30:44.651] [Server thread/INFO] [net.minecraft.server.MinecraftServer/]: ThreadedAnvilChunkStorage: All dimensions are saved
